
Dec 09, 2022 18:26:52.74 NEW SESSION
Dec 09, 2022 18:26:52.74 [8072:13168:1209/182651.835:ERROR:device_event_log_impl.cc(215)] [18:26:51.835] USB: usb_device_handle_win.cc:1045 Failed to read descriptor from node connection: A device attached to the system is not functioning. (0x1F)
Dec 09, 2022 18:26:52.74 [8072:13168:1209/182651.835:ERROR:device_event_log_impl.cc(215)] [18:26:51.835] USB: usb_device_handle_win.cc:1045 Failed to read descriptor from node connection: A device attached to the system is not functioning. (0x1F)
Dec 09, 2022 18:26:52.75 [8072:13168:1209/182651.846:ERROR:device_event_log_impl.cc(215)] [18:26:51.845] Bluetooth: bluetooth_adapter_winrt.cc:1074 Getting Default Adapter failed.
Dec 09, 2022 18:26:55.776 [8072:13616:1209/182655.775:ERROR:connection_factory_impl.cc(427)] Failed to connect to MCS endpoint with error -111
Dec 09, 2022 18:27:22.769 [8072:13616:1209/182722.769:ERROR:connection_factory_impl.cc(427)] Failed to connect to MCS endpoint with error -111
Dec 09, 2022 18:27:49.230 [8072:15304:1209/182749.229:ERROR:util.cc(133)] Can't create base directory: C:\Program Files\Google\GoogleUpdater
Dec 09, 2022 18:28:07.148 [8072:13616:1209/182807.147:ERROR:connection_factory_impl.cc(427)] Failed to connect to MCS endpoint with error -111

Dec 10, 2022 11:04:51.256 NEW SESSION
Dec 10, 2022 11:04:51.256 [396:14548:1210/110451.251:ERROR:device_event_log_impl.cc(215)] [11:04:51.250] Bluetooth: bluetooth_adapter_winrt.cc:1074 Getting Default Adapter failed.
Dec 10, 2022 11:04:51.343 [396:14548:1210/110451.259:ERROR:device_event_log_impl.cc(215)] [11:04:51.259] USB: usb_device_handle_win.cc:1045 Failed to read descriptor from node connection: A device attached to the system is not functioning. (0x1F)
Dec 10, 2022 11:04:51.344 [396:14548:1210/110451.260:ERROR:device_event_log_impl.cc(215)] [11:04:51.259] USB: usb_device_handle_win.cc:1045 Failed to read descriptor from node connection: A device attached to the system is not functioning. (0x1F)
Dec 10, 2022 11:04:58.905 [396:14664:1210/110458.903:ERROR:connection_factory_impl.cc(427)] Failed to connect to MCS endpoint with error -106
Dec 10, 2022 11:05:19.414 [396:14664:1210/110519.413:ERROR:connection_factory_impl.cc(427)] Failed to connect to MCS endpoint with error -106
Dec 10, 2022 11:06:30.872 [4732:9008:1210/110630.872:ERROR:device_event_log_impl.cc(215)] [11:06:30.872] USB: usb_device_handle_win.cc:1045 Failed to read descriptor from node connection: A device attached to the system is not functioning. (0x1F)
Dec 10, 2022 11:06:30.873 [4732:9008:1210/110630.872:ERROR:device_event_log_impl.cc(215)] [11:06:30.872] USB: usb_device_handle_win.cc:1045 Failed to read descriptor from node connection: A device attached to the system is not functioning. (0x1F)
Dec 10, 2022 11:06:30.875 [4732:9008:1210/110630.874:ERROR:device_event_log_impl.cc(215)] [11:06:30.875] Bluetooth: bluetooth_adapter_winrt.cc:1074 Getting Default Adapter failed.
Dec 10, 2022 11:06:30.893 [4732:13156:1210/110630.893:ERROR:connection_factory_impl.cc(427)] Failed to connect to MCS endpoint with error -106
Dec 10, 2022 11:07:06.911 [9328:7856:1210/110706.909:ERROR:device_event_log_impl.cc(215)] [11:07:06.909] USB: usb_device_handle_win.cc:1045 Failed to read descriptor from node connection: A device attached to the system is not functioning. (0x1F)
Dec 10, 2022 11:07:06.913 [9328:7856:1210/110706.910:ERROR:device_event_log_impl.cc(215)] [11:07:06.910] USB: usb_device_handle_win.cc:1045 Failed to read descriptor from node connection: A device attached to the system is not functioning. (0x1F)
Dec 10, 2022 11:07:06.919 [9328:7856:1210/110706.919:ERROR:device_event_log_impl.cc(215)] [11:07:06.919] Bluetooth: bluetooth_adapter_winrt.cc:1074 Getting Default Adapter failed.
Dec 10, 2022 11:07:06.945 [9328:8112:1210/110706.945:ERROR:connection_factory_impl.cc(427)] Failed to connect to MCS endpoint with error -106
Dec 10, 2022 11:07:33.302 [9328:8112:1210/110733.301:ERROR:connection_factory_impl.cc(427)] Failed to connect to MCS endpoint with error -106
Dec 10, 2022 11:07:53.40 [9328:8112:1210/110753.040:ERROR:connection_factory_impl.cc(427)] Failed to connect to MCS endpoint with error -106
Dec 10, 2022 11:08:04.244 [9328:5892:1210/110804.244:ERROR:util.cc(133)] Can't create base directory: C:\Program Files\Google\GoogleUpdater
